#
# A fatal error has been detected by the Java Runtime Environment:
#
#  EXCEPTION_ACCESS_VIOLATION (0xc0000005) at pc=0x000000005641aa70, pid=7924, tid=4348
#
# JRE version: Java(TM) SE Runtime Environment (8.0_60-b27) (build 1.8.0_60-b27)
# Java VM: Java HotSpot(TM) 64-Bit Server VM (25.60-b23 mixed mode windows-amd64 compressed oops)
# Problematic frame:
# V  [jvm.dll+0x49aa70]
#
# Failed to write core dump. Minidumps are not enabled by default on client versions of Windows
#
# If you would like to submit a bug report, please visit:
#   http://bugreport.java.com/bugreport/crash.jsp
#

---------------  T H R E A D  ---------------

Current thread (0x00000000554c4000):  JavaThread "C2 CompilerThread0" daemon [_thread_in_native, id=4348, stack(0x00000000573e0000,0x00000000574e0000)]

siginfo: ExceptionCode=0xc0000005, reading address 0xffffffffffffffff

Registers:
RAX=0x0000000000000000, RBX=0x000000005afb68e0, RCX=0x002000005678ace8, RDX=0x0000000000000000
RSP=0x00000000574dc0d0, RBP=0x000000000000003b, RSI=0x00000000000001d8, RDI=0x00000000574dc120
R8 =0x0000000008000000, R9 =0x000000005b3c0480, R10=0x00000000000595c0, R11=0x00000000597cfad0
R12=0x000000000024f0e0, R13=0x0000000057778830, R14=0x0000000055f80000, R15=0x00000000000003d8
RIP=0x000000005641aa70, EFLAGS=0x0000000000010246

Top of Stack: (sp=0x00000000574dc0d0)
0x00000000574dc0d0:   0000000057778830 00000000585664a0
0x00000000574dc0e0:   0000000000000000 00000000574dc400
0x00000000574dc0f0:   00000000574dc330 00000000564164a0
0x00000000574dc100:   000000005999f130 0000000059bbdc20
0x00000000574dc110:   0000000000003b1b 00000000000001d8
0x00000000574dc120:   00000cc900000000 0000000000000007
0x00000000574dc130:   002000005678ace8 000000000000000d
0x00000000574dc140:   000000005901a840 0000000000000047
0x00000000574dc150:   000000005999f130 000000000000304a
0x00000000574dc160:   0000000057778c08 0000000057778830
0x00000000574dc170:   0000000000000000 00000000563df9b1
0x00000000574dc180:   00000000574dc620 0000000000000000
0x00000000574dc190:   0000000055f80000 0000000000003b1b
0x00000000574dc1a0:   00000cc900000000 0000000000000008
0x00000000574dc1b0:   000000005afb5e20 0000000000000047
0x00000000574dc1c0:   000000005901aa78 0000000000000047 

Instructions: (pc=0x000000005641aa70)
0x000000005641aa50:   48 8b 4f 20 48 39 04 0e 0f 84 9d 00 00 00 48 8b
0x000000005641aa60:   0c 0e 33 d2 33 c0 48 89 4f 10 66 0f 1f 44 00 00
0x000000005641aa70:   83 3c 08 00 0f 85 36 01 00 00 ff c2 48 83 c0 04
0x000000005641aa80:   83 fa 08 72 eb 48 8b 47 30 48 89 44 24 30 48 85 


Register to memory mapping:

RAX=0x0000000000000000 is an unknown value
RBX=0x000000005afb68e0 is an unknown value
RCX=0x002000005678ace8 is an unknown value
RDX=0x0000000000000000 is an unknown value
RSP=0x00000000574dc0d0 is pointing into the stack for thread: 0x00000000554c4000
RBP=0x000000000000003b is an unknown value
RSI=0x00000000000001d8 is an unknown value
RDI=0x00000000574dc120 is pointing into the stack for thread: 0x00000000554c4000
R8 =0x0000000008000000 is an unknown value
R9 =0x000000005b3c0480 is an unknown value
R10=0x00000000000595c0 is an unknown value
R11=0x00000000597cfad0 is an unknown value
R12=0x000000000024f0e0 is an unknown value
R13=0x0000000057778830 is an unknown value
R14=0x0000000055f80000 is an unknown value
R15=0x00000000000003d8 is an unknown value


Stack: [0x00000000573e0000,0x00000000574e0000],  sp=0x00000000574dc0d0,  free space=1008k
Native frames: (J=compiled Java code, j=interpreted, Vv=VM code, C=native code)
V  [jvm.dll+0x49aa70]
V  [jvm.dll+0x4964a0]
V  [jvm.dll+0x45f9b1]
V  [jvm.dll+0x4626ab]
V  [jvm.dll+0x46d51b]
V  [jvm.dll+0x46fb32]
V  [jvm.dll+0x452cb2]
V  [jvm.dll+0xa4662]
V  [jvm.dll+0xa4f9f]
V  [jvm.dll+0x243134]
V  [jvm.dll+0x299f6a]
C  [msvcr100.dll+0x21d9f]
C  [msvcr100.dll+0x21e3b]
C  [kernel32.dll+0x1652d]
C  [ntdll.dll+0x2c521]


Current CompileTask:
C2:   4361 1727 % !   4       com.android.dx.cf.code.Ropper::processBlock @ 290 (1101 bytes)


---------------  P R O C E S S  ---------------

Java Threads: ( => current thread )
  0x0000000057776000 JavaThread "Service Thread" daemon [_thread_blocked, id=4540, stack(0x0000000057bc0000,0x0000000057cc0000)]
  0x00000000554ca000 JavaThread "C1 CompilerThread2" daemon [_thread_blocked, id=6800, stack(0x0000000057500000,0x0000000057600000)]
  0x00000000554c9000 JavaThread "C2 CompilerThread1" daemon [_thread_in_native, id=7504, stack(0x0000000057640000,0x0000000057740000)]
=>0x00000000554c4000 JavaThread "C2 CompilerThread0" daemon [_thread_in_native, id=4348, stack(0x00000000573e0000,0x00000000574e0000)]
  0x00000000554bf800 JavaThread "Attach Listener" daemon [_thread_blocked, id=7464, stack(0x0000000057140000,0x0000000057240000)]
  0x00000000554be800 JavaThread "Signal Dispatcher" daemon [_thread_blocked, id=4008, stack(0x0000000057240000,0x0000000057340000)]
  0x0000000055461800 JavaThread "Finalizer" daemon [_thread_blocked, id=8012, stack(0x0000000056fa0000,0x00000000570a0000)]
  0x0000000055460800 JavaThread "Reference Handler" daemon [_thread_blocked, id=7312, stack(0x0000000056e70000,0x0000000056f70000)]
  0x00000000024de800 JavaThread "main" [_thread_in_Java, id=4576, stack(0x00000000027b0000,0x00000000028b0000)]

Other Threads:
  0x000000005545b000 VMThread [stack: 0x0000000056c50000,0x0000000056d50000] [id=6468]
  0x00000000577d9000 WatcherThread [stack: 0x0000000057d10000,0x0000000057e10000] [id=7188]

VM state:not at safepoint (normal execution)

VM Mutex/Monitor currently owned by a thread: None

Heap:
 PSYoungGen      total 70656K, used 38001K [0x00000000eab00000, 0x00000000f3500000, 0x0000000100000000)
  eden space 65536K, 50% used [0x00000000eab00000,0x00000000ecb24610,0x00000000eeb00000)
  from space 5120K, 99% used [0x00000000eeb00000,0x00000000eeff8190,0x00000000ef000000)
  to   space 5120K, 0% used [0x00000000f3000000,0x00000000f3000000,0x00000000f3500000)
 ParOldGen       total 86016K, used 17433K [0x00000000c0000000, 0x00000000c5400000, 0x00000000eab00000)
  object space 86016K, 20% used [0x00000000c0000000,0x00000000c1106528,0x00000000c5400000)
 Metaspace       used 6249K, capacity 7280K, committed 7552K, reserved 1056768K
  class space    used 594K, capacity 616K, committed 640K, reserved 1048576K

Card table byte_map: [0x0000000011f40000,0x0000000012150000] byte_map_base: 0x0000000011940000

Marking Bits: (ParMarkBitMap*) 0x000000005678a5b0
 Begin Bits: [0x00000000128d0000, 0x00000000138d0000)
 End Bits:   [0x00000000138d0000, 0x00000000148d0000)

Polling page: 0x0000000000250000

CodeCache: size=245760Kb used=8005Kb max_used=8005Kb free=237754Kb
 bounds [0x0000000002b80000, 0x0000000003360000, 0x0000000011b80000]
 total_blobs=2157 nmethods=1892 adapters=178
 compilation: enabled

Compilation events (10 events):
Event: 4.346 Thread 0x00000000554ca000 1918       2       com.android.dx.dex.file.AnnotationsDirectoryItem::itemType (4 bytes)
Event: 4.346 Thread 0x00000000554ca000 nmethod 1918 0x000000000334c190 code [0x000000000334c2e0, 0x000000000334c430]
Event: 4.346 Thread 0x00000000554ca000 1919       2       com.android.dx.dex.file.MixedItemSection$1::compare (13 bytes)
Event: 4.346 Thread 0x00000000554ca000 nmethod 1919 0x000000000334c4d0 code [0x000000000334c660, 0x000000000334c8a8]
Event: 4.346 Thread 0x00000000554ca000 1921       2       com.android.dx.dex.file.CodeItem::itemType (4 bytes)
Event: 4.346 Thread 0x00000000554ca000 nmethod 1921 0x000000000334ca50 code [0x000000000334cba0, 0x000000000334ccf0]
Event: 4.346 Thread 0x00000000554ca000 1920       2       com.android.dx.dex.file.MixedItemSection$1::compare (18 bytes)
Event: 4.346 Thread 0x00000000554ca000 nmethod 1920 0x000000000334cd90 code [0x000000000334cf00, 0x000000000334d0c8]
Event: 4.346 Thread 0x00000000554ca000 1922       1       com.android.dx.dex.file.CodeItem::itemType (4 bytes)
Event: 4.346 Thread 0x00000000554ca000 nmethod 1922 0x000000000334d1d0 code [0x000000000334d320, 0x000000000334d430]

GC Heap History (6 events):
Event: 1.337 GC heap before
{Heap before GC invocations=1 (full 0):
 PSYoungGen      total 37888K, used 32768K [0x00000000eab00000, 0x00000000ed500000, 0x0000000100000000)
  eden space 32768K, 100% used [0x00000000eab00000,0x00000000ecb00000,0x00000000ecb00000)
  from space 5120K, 0% used [0x00000000ed000000,0x00000000ed000000,0x00000000ed500000)
  to   space 5120K, 0% used [0x00000000ecb00000,0x00000000ecb00000,0x00000000ed000000)
 ParOldGen       total 86016K, used 0K [0x00000000c0000000, 0x00000000c5400000, 0x00000000eab00000)
  object space 86016K, 0% used [0x00000000c0000000,0x00000000c0000000,0x00000000c5400000)
 Metaspace       used 5729K, capacity 6960K, committed 7040K, reserved 1056768K
  class space    used 557K, capacity 616K, committed 640K, reserved 1048576K
Event: 1.425 GC heap after
Heap after GC invocations=1 (full 0):
 PSYoungGen      total 37888K, used 5111K [0x00000000eab00000, 0x00000000ef500000, 0x0000000100000000)
  eden space 32768K, 0% used [0x00000000eab00000,0x00000000eab00000,0x00000000ecb00000)
  from space 5120K, 99% used [0x00000000ecb00000,0x00000000ecffdc70,0x00000000ed000000)
  to   space 5120K, 0% used [0x00000000ef000000,0x00000000ef000000,0x00000000ef500000)
 ParOldGen       total 86016K, used 2003K [0x00000000c0000000, 0x00000000c5400000, 0x00000000eab00000)
  object space 86016K, 2% used [0x00000000c0000000,0x00000000c01f4f68,0x00000000c5400000)
 Metaspace       used 5729K, capacity 6960K, committed 7040K, reserved 1056768K
  class space    used 557K, capacity 616K, committed 640K, reserved 1048576K
}
Event: 2.594 GC heap before
{Heap before GC invocations=2 (full 0):
 PSYoungGen      total 37888K, used 37879K [0x00000000eab00000, 0x00000000ef500000, 0x0000000100000000)
  eden space 32768K, 100% used [0x00000000eab00000,0x00000000ecb00000,0x00000000ecb00000)
  from space 5120K, 99% used [0x00000000ecb00000,0x00000000ecffdc70,0x00000000ed000000)
  to   space 5120K, 0% used [0x00000000ef000000,0x00000000ef000000,0x00000000ef500000)
 ParOldGen       total 86016K, used 2003K [0x00000000c0000000, 0x00000000c5400000, 0x00000000eab00000)
  object space 86016K, 2% used [0x00000000c0000000,0x00000000c01f4f68,0x00000000c5400000)
 Metaspace       used 5866K, capacity 7024K, committed 7296K, reserved 1056768K
  class space    used 559K, capacity 616K, committed 640K, reserved 1048576K
Event: 2.672 GC heap after
Heap after GC invocations=2 (full 0):
 PSYoungGen      total 70656K, used 5088K [0x00000000eab00000, 0x00000000ef500000, 0x0000000100000000)
  eden space 65536K, 0% used [0x00000000eab00000,0x00000000eab00000,0x00000000eeb00000)
  from space 5120K, 99% used [0x00000000ef000000,0x00000000ef4f8010,0x00000000ef500000)
  to   space 5120K, 0% used [0x00000000eeb00000,0x00000000eeb00000,0x00000000ef000000)
 ParOldGen       total 86016K, used 7157K [0x00000000c0000000, 0x00000000c5400000, 0x00000000eab00000)
  object space 86016K, 8% used [0x00000000c0000000,0x00000000c06fd448,0x00000000c5400000)
 Metaspace       used 5866K, capacity 7024K, committed 7296K, reserved 1056768K
  class space    used 559K, capacity 616K, committed 640K, reserved 1048576K
}
Event: 3.248 GC heap before
{Heap before GC invocations=3 (full 0):
 PSYoungGen      total 70656K, used 70624K [0x00000000eab00000, 0x00000000ef500000, 0x0000000100000000)
  eden space 65536K, 100% used [0x00000000eab00000,0x00000000eeb00000,0x00000000eeb00000)
  from space 5120K, 99% used [0x00000000ef000000,0x00000000ef4f8010,0x00000000ef500000)
  to   space 5120K, 0% used [0x00000000eeb00000,0x00000000eeb00000,0x00000000ef000000)
 ParOldGen       total 86016K, used 7157K [0x00000000c0000000, 0x00000000c5400000, 0x00000000eab00000)
  object space 86016K, 8% used [0x00000000c0000000,0x00000000c06fd448,0x00000000c5400000)
 Metaspace       used 5925K, capacity 7088K, committed 7296K, reserved 1056768K
  class space    used 560K, capacity 616K, committed 640K, reserved 1048576K
Event: 3.419 GC heap after
Heap after GC invocations=3 (full 0):
 PSYoungGen      total 70656K, used 5088K [0x00000000eab00000, 0x00000000f3500000, 0x0000000100000000)
  eden space 65536K, 0% used [0x00000000eab00000,0x00000000eab00000,0x00000000eeb00000)
  from space 5120K, 99% used [0x00000000eeb00000,0x00000000eeff8190,0x00000000ef000000)
  to   space 5120K, 0% used [0x00000000f3000000,0x00000000f3000000,0x00000000f3500000)
 ParOldGen       total 86016K, used 17433K [0x00000000c0000000, 0x00000000c5400000, 0x00000000eab00000)
  object space 86016K, 20% used [0x00000000c0000000,0x00000000c1106528,0x00000000c5400000)
 Metaspace       used 5925K, capacity 7088K, committed 7296K, reserved 1056768K
  class space    used 560K, capacity 616K, committed 640K, reserved 1048576K
}

Deoptimization events (10 events):
Event: 4.063 Thread 0x00000000024de800 Uncommon trap: reason=unstable_if action=reinterpret pc=0x0000000002f22944 method=java.util.HashMap.putVal(ILjava/lang/Object;Ljava/lang/Object;ZZ)Ljava/lang/Object; @ 162
Event: 4.066 Thread 0x00000000024de800 Uncommon trap: reason=unstable_if action=reinterpret pc=0x0000000003206750 method=java.util.HashMap.getNode(ILjava/lang/Object;)Ljava/util/HashMap$Node; @ 84
Event: 4.200 Thread 0x00000000024de800 Uncommon trap: reason=bimorphic action=maybe_recompile pc=0x00000000032b3634 method=com.android.dx.cf.code.BytecodeArray.parseInstruction(ILcom/android/dx/cf/code/BytecodeArray$Visitor;)I @ 2135
Event: 4.200 Thread 0x00000000024de800 Uncommon trap: reason=bimorphic action=maybe_recompile pc=0x00000000032b3634 method=com.android.dx.cf.code.BytecodeArray.parseInstruction(ILcom/android/dx/cf/code/BytecodeArray$Visitor;)I @ 2135
Event: 4.200 Thread 0x00000000024de800 Uncommon trap: reason=unstable_if action=reinterpret pc=0x00000000032153c8 method=com.android.dx.ssa.LiteralOpUpgrader$1.visitNonMoveInsn(Lcom/android/dx/ssa/NormalSsaInsn;)V @ 151
Event: 4.253 Thread 0x00000000024de800 Uncommon trap: reason=class_check action=maybe_recompile pc=0x0000000002fa3838 method=java.util.Arrays.hashCode([Ljava/lang/Object;)I @ 43
Event: 4.254 Thread 0x00000000024de800 Uncommon trap: reason=class_check action=maybe_recompile pc=0x0000000002fa3838 method=java.util.Arrays.hashCode([Ljava/lang/Object;)I @ 43
Event: 4.254 Thread 0x00000000024de800 Uncommon trap: reason=class_check action=maybe_recompile pc=0x0000000002fa3838 method=java.util.Arrays.hashCode([Ljava/lang/Object;)I @ 43
Event: 4.254 Thread 0x00000000024de800 Uncommon trap: reason=class_check action=maybe_recompile pc=0x0000000002fa3838 method=java.util.Arrays.hashCode([Ljava/lang/Object;)I @ 43
Event: 4.271 Thread 0x00000000024de800 Uncommon trap: reason=class_check action=maybe_recompile pc=0x00000000030b1c74 method=java.util.HashMap.putVal(ILjava/lang/Object;Ljava/lang/Object;ZZ)Ljava/lang/Object; @ 203

Internal exceptions (5 events):
Event: 0.040 Thread 0x00000000024de800 Exception <a 'java/lang/NoSuchMethodError': Method sun.misc.Unsafe.defineClass(Ljava/lang/String;[BII)Ljava/lang/Class; name or signature does not match> (0x00000000eab0da20) thrown at [C:\re\workspace\8-2-build-windows-amd64-cygwin\jdk8u60\4407\hotspot\src†m¤?
Event: 0.040 Thread 0x00000000024de800 Exception <a 'java/lang/NoSuchMethodError': Method sun.misc.Unsafe.prefetchRead(Ljava/lang/Object;J)V name or signature does not match> (0x00000000eab0dd08) thrown at [C:\re\workspace\8-2-build-windows-amd64-cygwin\jdk8u60\4407\hotspot\src\share\vm\prims\jÑRpûB@
Event: 4.065 Thread 0x00000000024de800 Exception <a 'java/lang/ArrayIndexOutOfBoundsException': 18> (0x00000000eace7f40) thrown at [C:\re\workspace\8-2-build-windows-amd64-cygwin\jdk8u60\4407\hotspot\src\share\vm\interpreter\interpreterRuntime.cpp, line 366]
Event: 4.065 Thread 0x00000000024de800 Exception <a 'java/lang/ArrayIndexOutOfBoundsException': 145> (0x00000000eace9ac0) thrown at [C:\re\workspace\8-2-build-windows-amd64-cygwin\jdk8u60\4407\hotspot\src\share\vm\interpreter\interpreterRuntime.cpp, line 366]
Event: 4.065 Thread 0x00000000024de800 Exception <a 'java/lang/ArrayIndexOutOfBoundsException'> (0x00000000eaceada8) thrown at [C:\re\workspace\8-2-build-windows-amd64-cygwin\jdk8u60\4407\hotspot\src\share\vm\runtime\sharedRuntime.cpp, line 605]

Events (10 events):
Event: 4.311 Thread 0x00000000024de800 DEOPT PACKING pc=0x0000000003332ee5 sp=0x00000000028af090
Event: 4.311 Thread 0x00000000024de800 DEOPT UNPACKING pc=0x0000000002bc787f sp=0x00000000028aedd8 mode 0
Event: 4.320 loading class com/android/dx/dex/file/ProtoIdItem
Event: 4.320 loading class com/android/dx/dex/file/ProtoIdItem done
Event: 4.343 loading class com/android/dex/Leb128
Event: 4.343 loading class com/android/dex/Leb128 done
Event: 4.345 loading class java/util/Collections$1
Event: 4.345 loading class java/util/Collections$1 done
Event: 4.345 loading class com/android/dx/dex/file/MixedItemSection$2
Event: 4.345 loading class com/android/dx/dex/file/MixedItemSection$2 done


Dynamic libraries:
0x000000013fb80000 - 0x000000013fbb7000 	C:\Program Files\Java\jdk1.8.0_60\bin\java.exe
0x0000000076d90000 - 0x0000000076f39000 	C:\Windows\SYSTEM32\ntdll.dll
0x0000000076c70000 - 0x0000000076d8f000 	C:\Windows\system32\kernel32.dll
0x000007fefcd90000 - 0x000007fefcdfb000 	C:\Windows\system32\KERNELBASE.dll
0x000007fefdad0000 - 0x000007fefdbab000 	C:\Windows\system32\ADVAPI32.dll
0x000007fefdce0000 - 0x000007fefdd7f000 	C:\Windows\system32\msvcrt.dll
0x000007fefeea0000 - 0x000007fefeebf000 	C:\Windows\SYSTEM32\sechost.dll
0x000007fefdbb0000 - 0x000007fefdcdd000 	C:\Windows\system32\RPCRT4.dll
0x0000000076b70000 - 0x0000000076c6a000 	C:\Windows\system32\USER32.dll
0x000007fefd1c0000 - 0x000007fefd227000 	C:\Windows\system32\GDI32.dll
0x000007fefd0b0000 - 0x000007fefd0be000 	C:\Windows\system32\LPK.dll
0x000007fefd0c0000 - 0x000007fefd189000 	C:\Windows\system32\USP10.dll
0x000007fefc4f0000 - 0x000007fefc6e4000 	C:\Windows\WinSxS\amd64_microsoft.windows.common-controls_6595b64144ccf1df_6.0.7601.17514_none_fa396087175ac9ac\COMCTL32.dll
0x000007fefd8d0000 - 0x000007fefd941000 	C:\Windows\system32\SHLWAPI.dll
0x000007fefcbb0000 - 0x000007fefcc07000 	C:\Windows\system32\apphelp.dll
0x000007feec4d0000 - 0x000007feec521000 	C:\Windows\AppPatch\AppPatch64\AcGenral.DLL
0x000007fefcb80000 - 0x000007fefcba5000 	C:\Windows\system32\SspiCli.dll
0x000007fefd340000 - 0x000007fefd543000 	C:\Windows\system32\ole32.dll
0x000007fefdef0000 - 0x000007fefec78000 	C:\Windows\system32\SHELL32.dll
0x000000006ff20000 - 0x000000006ff23000 	C:\Windows\system32\sfc.dll
0x000007fef7540000 - 0x000007fef7550000 	C:\Windows\system32\sfc_os.DLL
0x000007fefbd20000 - 0x000007fefbd3e000 	C:\Windows\system32\USERENV.dll
0x000007fefcce0000 - 0x000007fefccef000 	C:\Windows\system32\profapi.dll
0x000007fefa230000 - 0x000007fefa248000 	C:\Windows\system32\dwmapi.dll
0x000007fef93b0000 - 0x000007fef93c8000 	C:\Windows\system32\MPR.dll
0x000007fefdec0000 - 0x000007fefdeee000 	C:\Windows\system32\IMM32.DLL
0x000007fefd230000 - 0x000007fefd339000 	C:\Windows\system32\MSCTF.dll
0x000000005a550000 - 0x000000005a622000 	C:\Program Files\Java\jdk1.8.0_60\jre\bin\msvcr100.dll
0x0000000055f80000 - 0x0000000056809000 	C:\Program Files\Java\jdk1.8.0_60\jre\bin\server\jvm.dll
0x000007fefc790000 - 0x000007fefc799000 	C:\Windows\system32\WSOCK32.dll
0x000007fefec80000 - 0x000007fefeccd000 	C:\Windows\system32\WS2_32.dll
0x000007fefd1b0000 - 0x000007fefd1b8000 	C:\Windows\system32\NSI.dll
0x000007fefa630000 - 0x000007fefa66b000 	C:\Windows\system32\WINMM.dll
0x000007fefb7e0000 - 0x000007fefb7ec000 	C:\Windows\system32\VERSION.dll
0x0000000076f50000 - 0x0000000076f57000 	C:\Windows\system32\PSAPI.DLL
0x000000006fc90000 - 0x000000006fc9f000 	C:\Program Files\Java\jdk1.8.0_60\jre\bin\verify.dll
0x000000006fb80000 - 0x000000006fba9000 	C:\Program Files\Java\jdk1.8.0_60\jre\bin\java.dll
0x000000006fbc0000 - 0x000000006fbd6000 	C:\Program Files\Java\jdk1.8.0_60\jre\bin\zip.dll
0x000007fef3d80000 - 0x000007fef3ea5000 	C:\Windows\system32\dbghelp.dll

VM Arguments:
jvm_args: -Xmx1024M -Dfile.encoding=windows-1252 -Duser.country=US -Duser.language=en -Duser.variant 
java_command: com.android.dx.command.Main --dex --output E:\26Oct\RapidoESS\app\build\intermediates\pre-dexed\debug\classes-52b9863a78479a21a6b2f7e8dda85faadc17fabf.jar E:\26Oct\RapidoESS\app\build\intermediates\exploded-aar\com.google.android.gms\play-services-fitness\8.1.0\classes.jar
java_class_path (initial): C:\AndroidrSDK\build-tools\21.1.2\lib\dx.jar
Launcher Type: SUN_STANDARD

Environment Variables:
JAVA_HOME=C:\Program Files\Java
PATH=C:\ProgramData\Oracle\Java\javapath;C:\Program Files (x86)\NVIDIA Corporation\PhysX\Common;C:\Program Files (x86)\Intel\iCLS Client\;C:\Program Files\Intel\iCLS Client\;C:\Windows\system32;C:\Windows;C:\Windows\System32\Wbem;C:\Windows\System32\WindowsPowerShell\v1.0\;C:\Program Files\Intel\Intel(R) Management Engine Components\DAL;C:\Program Files\Intel\Intel(R) Management Engine Components\IPT;C:\Program Files (x86)\Intel\Intel(R) Management Engine Components\DAL;C:\Program Files (x86)\Intel\Intel(R) Management Engine Components\IPT;C:\Program Files (x86)\Smart Projects\IsoBuster;C:\Program Files\Microsoft SQL Server\110\Tools\Binn\;C:\Program Files (x86)\Microsoft SDKs\TypeScript\1.0\;C:\Program Files\Microsoft SQL Server\120\Tools\Binn\;C:\Program Files (x86)\Skype\Phone\;C:\Program Files\Microsoft SQL Server\Client SDK\ODBC\110\Tools\Binn\;C:\Program Files (x86)\Microsoft SQL Server\120\Tools\Binn\ManagementStudio\;C:\Program Files (x86)\Microsoft SQL Server\120\Tools\Binn\;C:\Program Files (x86)\Microsoft SQL Server\120\DTS\Binn\;C:\Program Files\Microsoft SQL Server\120\DTS\Binn\;C:\Program Files (x86)\Common Files\lenovo\easyplussdk\bin;C:\Program Files\Java\jdk1.8.0_60\bin
USERNAME=Win
OS=Windows_NT
PROCESSOR_IDENTIFIER=Intel64 Family 6 Model 60 Stepping 3, GenuineIntel



---------------  S Y S T E M  ---------------

OS: Windows 7 , 64 bit Build 7601 (6.1.7601.17514)

CPU:total 4 (2 cores per cpu, 2 threads per core) family 6 model 60 stepping 3, cmov, cx8, fxsr, mmx, sse, sse2, sse3, ssse3, sse4.1, sse4.2, popcnt, avx, avx2, aes, clmul, erms, lzcnt, ht, tsc, tscinvbit, bmi1, bmi2

Memory: 4k page, physical 8254472k(3359344k free), swap 16507100k(10856624k free)

vm_info: Java HotSpot(TM) 64-Bit Server VM (25.60-b23) for windows-amd64 JRE (1.8.0_60-b27), built on Aug  4 2015 11:06:27 by "java_re" with MS VC++ 10.0 (VS2010)

time: Wed Oct 28 15:30:38 2015
elapsed time: 4 seconds (0d 0h 0m 4s)

